2022-03-13 17:55:53,794:DEBUG:nextcord.client: on_ready has successfully been registered as an event
2022-03-13 17:55:53,794:DEBUG:nextcord.client: on_command_error has successfully been registered as an event
2022-03-13 17:55:53,795:INFO:nextcord.client: logging in using static token
2022-03-13 17:55:54,247:DEBUG:nextcord.http: GET https://discord.com/api/v9/users/@me with None has returned 200
2022-03-13 17:55:54,247:DEBUG:nextcord.http: GET https://discord.com/api/v9/users/@me has received {'id': '943479425666793532', 'username': '코그모 복제품', 'avatar': None, 'discriminator': '2007', 'public_flags': 0, 'flags': 0, 'bot': True, 'banner': None, 'banner_color': None, 'accent_color': None, 'bio': '', 'locale': 'en-US', 'mfa_enabled': False, 'email': None, 'verified': True}
2022-03-13 17:55:54,301:DEBUG:nextcord.http: GET https://discord.com/api/v9/gateway with None has returned 200
2022-03-13 17:55:54,301:DEBUG:nextcord.http: GET https://discord.com/api/v9/gateway has received {'url': 'wss://gateway.discord.gg'}
2022-03-13 17:55:55,095:DEBUG:nextcord.gateway: Created websocket connected to wss://gateway.discord.gg?encoding=json&v=9&compress=zlib-stream
2022-03-13 17:55:55,095:DEBUG:nextcord.gateway: For Shard ID None: WebSocket Event: {'t': None, 's': None, 'op': 10, 'd': {'heartbeat_interval': 41250, '_trace': ['["gateway-prd-main-r449",{"micros":0.0}]']}}
2022-03-13 17:55:55,096:INFO:nextcord.gateway: Shard ID None has sent the IDENTIFY payload.
2022-03-13 17:55:55,295:DEBUG:nextcord.gateway: For Shard ID None: WebSocket Event: {'t': None, 's': None, 'op': 11, 'd': None}
2022-03-13 17:55:55,437:DEBUG:nextcord.gateway: For Shard ID None: WebSocket Event: {'t': 'READY', 's': 1, 'op': 0, 'd': {'v': 9, 'user_settings': {}, 'user': {'verified': True, 'username': '코그모 복제품', 'mfa_enabled': False, 'id': '943479425666793532', 'flags': 0, 'email': None, 'discriminator': '2007', 'bot': True, 'avatar': None}, 'session_id': '6c220de0745727a72cb7eff1cbb5498b', 'relationships': [], 'private_channels': [], 'presences': [], 'guilds': [{'unavailable': True, 'id': '779946609181196318'}], 'guild_join_requests': [], 'geo_ordered_rtc_regions': ['south-korea', 'japan', 'hongkong', 'singapore', 'india'], 'application': {'id': '943479425666793532', 'flags': 303104}, '_trace': ['["gateway-prd-main-r449",{"micros":142910,"calls":["discord-sessions-green-prd-2-149",{"micros":141943,"calls":["start_session",{"micros":118727,"calls":["discord-api-766ccdcc58-q8kcl",{"micros":45549,"calls":["get_user",{"micros":16824},"add_authorized_ip",{"micros":1624},"get_guilds",{"micros":4822},"coros_wait",{"micros":1}]}]},"guilds_connect",{"micros":2,"calls":[]},"presence_connect",{"micros":7320,"calls":[]}]}]}]']}}
2022-03-13 17:55:55,437:DEBUG:nextcord.client: Dispatching event socket_event_type
2022-03-13 17:55:55,437:INFO:nextcord.gateway: Shard ID None has connected to Gateway: ["gateway-prd-main-r449",{"micros":142910,"calls":["discord-sessions-green-prd-2-149",{"micros":141943,"calls":["start_session",{"micros":118727,"calls":["discord-api-766ccdcc58-q8kcl",{"micros":45549,"calls":["get_user",{"micros":16824},"add_authorized_ip",{"micros":1624},"get_guilds",{"micros":4822},"coros_wait",{"micros":1}]}]},"guilds_connect",{"micros":2,"calls":[]},"presence_connect",{"micros":7320,"calls":[]}]}]}] (Session ID: 6c220de0745727a72cb7eff1cbb5498b).
2022-03-13 17:55:55,437:DEBUG:nextcord.client: Dispatching event connect
2022-03-13 17:55:55,438:DEBUG:nextcord.gateway: For Shard ID None: WebSocket Event: {'t': 'GUILD_CREATE', 's': 2, 'op': 0, 'd': {'emojis': [], 'members': [{'user': {'username': '코그모 복제품', 'id': '943479425666793532', 'discriminator': '2007', 'bot': True, 'avatar': None}, 'roles': ['943480970735157301'], 'premium_since': None, 'pending': False, 'nick': None, 'mute': False, 'joined_at': '2022-02-16T12:16:32.492272+00:00', 'hoisted_role': None, 'deaf': False, 'communication_disabled_until': None, 'avatar': None}], 'name': '영배와 아이들', 'system_channel_id': '779946609181196321', 'rules_channel_id': None, 'joined_at': '2022-02-16T12:16:32.492272+00:00', 'banner': None, 'public_updates_channel_id': None, 'large': False, 'mfa_level': 0, 'features': [], 'max_members': 500000, 'application_command_count': 0, 'nsfw': False, 'voice_states': [], 'system_channel_flags': 0, 'hub_type': None, 'icon': 'ffa19e41a1a6450a6d48e05c9d380dbb', 'max_video_channel_users': 25, 'vanity_url_code': None, 'premium_subscription_count': 0, 'explicit_content_filter': 0, 'premium_progress_bar_enabled': False, 'guild_hashes': {'version': 1, 'roles': {'omitted': False, 'hash': 'VedTi10ckMc'}, 'metadata': {'omitted': False, 'hash': '387/51oXvO4'}, 'channels': {'omitted': False, 'hash': 'Ui2RqNV8eMo'}}, 'stage_instances': [], 'verification_level': 0, 'description': None, 'member_count': 3, 'threads': [], 'region': 'deprecated', 'premium_tier': 0, 'owner_id': '422257230948204544', 'channels': [{'type': 4, 'position': 0, 'permission_overwrites': [], 'name': '채팅 채널', 'id': '779946609181196319'}, {'type': 4, 'position': 0, 'permission_overwrites': [], 'name': '음성 채널', 'id': '779946609181196320'}, {'type': 0, 'topic': None, 'rate_limit_per_user': 0, 'position': 0, 'permission_overwrites': [], 'parent_id': '779946609181196319', 'name': 'agora', 'last_message_id': '943481174288900106', 'id': '779946609181196321'}, {'user_limit': 0, 'type': 2, 'rtc_region': None, 'rate_limit_per_user': 0, 'position': 0, 'permission_overwrites': [], 'parent_id': '779946609181196320', 'name': '아테네 대신전 회의장', 'last_message_id': None, 'id': '779946609181196322', 'bitrate': 64000}, {'type': 0, 'topic': None, 'rate_limit_per_user': 0, 'position': 1, 'permission_overwrites': [{'type': 0, 'id': '779946609181196318', 'deny': '3072', 'allow': '0'}], 'parent_id': '779946609181196319', 'name': 'dev', 'last_message_id': '945716466265751612', 'id': '780027493943738389'}, {'user_limit': 0, 'type': 2, 'rtc_region': None, 'rate_limit_per_user': 0, 'position': 1, 'permission_overwrites': [], 'parent_id': '779946609181196320', 'name': '챔버스 피시방', 'last_message_id': None, 'id': '788421753268600913', 'bitrate': 64000}], 'default_message_notifications': 0, 'splash': None, 'discovery_splash': None, 'id': '779946609181196318', 'guild_scheduled_events': [], 'unavailable': False, 'presences': [], 'lazy': True, 'preferred_locale': 'en-US', 'application_command_counts': {'3': 0, '2': 0, '1': 0}, 'afk_channel_id': None, 'embedded_activities': [], 'nsfw_level': 0, 'afk_timeout': 300, 'roles': [{'unicode_emoji': None, 'position': 0, 'permissions': '1071698660929', 'name': '@everyone', 'mentionable': False, 'managed': False, 'id': '779946609181196318', 'icon': None, 'hoist': False, 'color': 0}, {'unicode_emoji': None, 'tags': {'bot_id': '943479425666793532'}, 'position': 1, 'permissions': '8', 'name': '코그모 복제품', 'mentionable': False, 'managed': True, 'id': '943480970735157301', 'icon': None, 'hoist': False, 'color': 0}, {'unicode_emoji': None, 'tags': {'bot_id': '779944846680653874'}, 'position': 1, 'permissions': '8', 'name': '코그모', 'mentionable': False, 'managed': True, 'id': '943481173844299818', 'icon': None, 'hoist': False, 'color': 0}], 'stickers': [], 'application_id': None}}
2022-03-13 17:55:55,438:DEBUG:nextcord.client: Dispatching event socket_event_type
2022-03-13 17:55:55,439:DEBUG:nextcord.client: Dispatching event guild_available
2022-03-13 17:55:55,439:DEBUG:nextcord.client: nextcord.Client: No locally added commands explicitly registered for 영배와 아이들|779946609181196318, not checking.
2022-03-13 17:55:55,769:DEBUG:nextcord.http: GET https://discord.com/api/v9/applications/943479425666793532/commands with None has returned 200
2022-03-13 17:55:55,769:DEBUG:nextcord.http: GET https://discord.com/api/v9/applications/943479425666793532/commands has received []
2022-03-13 17:55:56,075:DEBUG:nextcord.http: GET https://discord.com/api/v9/applications/943479425666793532/commands with None has returned 200
2022-03-13 17:55:56,075:DEBUG:nextcord.http: GET https://discord.com/api/v9/applications/943479425666793532/commands has received []
2022-03-13 17:55:56,364:DEBUG:nextcord.http: GET https://discord.com/api/v9/applications/943479425666793532/commands with None has returned 200
2022-03-13 17:55:56,364:DEBUG:nextcord.http: GET https://discord.com/api/v9/applications/943479425666793532/commands has received []
2022-03-13 17:55:57,450:DEBUG:nextcord.client: Dispatching event ready
2022-03-13 17:56:36,361:DEBUG:nextcord.gateway: Keeping shard ID None websocket alive with sequence 2.
2022-03-13 17:56:36,563:DEBUG:nextcord.gateway: For Shard ID None: WebSocket Event: {'t': None, 's': None, 'op': 11, 'd': None}
2022-03-13 17:56:38,358:INFO:nextcord.client: Received signal to terminate bot and event loop.
2022-03-13 17:56:38,358:INFO:nextcord.client: Cleaning up tasks.
2022-03-13 17:56:38,358:INFO:nextcord.client: Cleaning up after 1 tasks.
2022-03-13 17:56:38,561:INFO:nextcord.client: All tasks finished cancelling.
2022-03-13 17:56:38,561:INFO:nextcord.client: Closing the event loop.
